<?xml version="1.0" encoding="UTF-8"?>
<testng-results ignored="0" total="1" passed="1" failed="0" skipped="0">
  <reporter-output>
  </reporter-output>
  <suite started-at="2024-09-13T10:37:07 IST" name="Suite" finished-at="2024-09-13T10:38:13 IST" duration-ms="65402">
    <groups>
      <group name="cucumber">
        <method signature="AbstractTestNGCucumberTests.runScenario(io.cucumber.testng.PickleWrapper,io.cucumber.testng.FeatureWrapper)[pri:0, instance:runner.CucumberRunnerPOMTests@63070bab]" name="runScenario" class="io.cucumber.testng.AbstractTestNGCucumberTests"/>
      </group> <!-- cucumber -->
    </groups>
    <test started-at="2024-09-13T10:37:07 IST" name="Test" finished-at="2024-09-13T10:38:13 IST" duration-ms="65402">
      <class name="runner.CucumberRunnerPOMTests">
        <test-method is-config="true" signature="setUpClass(org.testng.ITestContext)[pri:0, instance:runner.CucumberRunnerPOMTests@63070bab]" started-at="2024-09-13T10:37:07 IST" name="setUpClass" finished-at="2024-09-13T10:37:09 IST" duration-ms="1520" status="PASS">
          <params>
            <param index="0">
              <value>
                <![CDATA[org.testng.TestRunner@64518270]]>
              </value>
            </param>
          </params>
          <reporter-output>
          </reporter-output>
        </test-method> <!-- setUpClass -->
        <test-method signature="runScenario(io.cucumber.testng.PickleWrapper,io.cucumber.testng.FeatureWrapper)[pri:0, instance:runner.CucumberRunnerPOMTests@63070bab]" started-at="2024-09-13T10:37:09 IST" name="runScenario" description="Runs Cucumber Scenarios" data-provider="scenarios" finished-at="2024-09-13T10:38:12 IST" duration-ms="63169" status="PASS">
          <params>
            <param index="0">
              <value>
                <![CDATA["Validation About Products and other Details"]]>
              </value>
            </param>
            <param index="1">
              <value>
                <![CDATA["Gettin Details of Products"]]>
              </value>
            </param>
          </params>
          <reporter-output>
          </reporter-output>
        </test-method> <!-- runScenario -->
        <test-method is-config="true" signature="tearDownClass()[pri:0, instance:runner.CucumberRunnerPOMTests@63070bab]" started-at="2024-09-13T10:38:12 IST" name="tearDownClass" finished-at="2024-09-13T10:38:13 IST" duration-ms="635" status="PASS">
          <reporter-output>
          </reporter-output>
        </test-method> <!-- tearDownClass -->
      </class> <!-- runner.CucumberRunnerPOMTests -->
    </test> <!-- Test -->
  </suite> <!-- Suite -->
</testng-results>
